[0.369s] Invoking command in '/home/zero/ros2data/src/datapack': PYTHONPATH=/home/zero/ros2data/build/datapack/prefix_override:/usr/lib/python3/dist-packages/colcon_core/task/python/colcon_distutils_commands:/home/zero/ros2data/install/datapack/lib/python3.10/site-packages:${PYTHONPATH} /usr/bin/python3 -W ignore:setup.py install is deprecated -W ignore:easy_install command is deprecated setup.py egg_info --egg-base ../../build/datapack build --build-base /home/zero/ros2data/build/datapack/build install --record /home/zero/ros2data/build/datapack/install.log --single-version-externally-managed install_data
[0.502s] running egg_info
[0.503s] writing ../../build/datapack/datapack.egg-info/PKG-INFO
[0.503s] writing dependency_links to ../../build/datapack/datapack.egg-info/dependency_links.txt
[0.503s] writing entry points to ../../build/datapack/datapack.egg-info/entry_points.txt
[0.503s] writing requirements to ../../build/datapack/datapack.egg-info/requires.txt
[0.503s] writing top-level names to ../../build/datapack/datapack.egg-info/top_level.txt
[0.504s] reading manifest file '../../build/datapack/datapack.egg-info/SOURCES.txt'
[0.504s] writing manifest file '../../build/datapack/datapack.egg-info/SOURCES.txt'
[0.504s] running build
[0.505s] running build_py
[0.505s] copying datapack/mock_lidar.py -> /home/zero/ros2data/build/datapack/build/lib/datapack
[0.505s] copying datapack/generate_mock_dataset.py -> /home/zero/ros2data/build/datapack/build/lib/datapack
[0.505s] running install
[0.505s] running install_lib
[0.505s] copying /home/zero/ros2data/build/datapack/build/lib/datapack/mock_lidar.py -> /home/zero/ros2data/install/datapack/lib/python3.10/site-packages/datapack
[0.506s] copying /home/zero/ros2data/build/datapack/build/lib/datapack/generate_mock_dataset.py -> /home/zero/ros2data/install/datapack/lib/python3.10/site-packages/datapack
[0.506s] byte-compiling /home/zero/ros2data/install/datapack/lib/python3.10/site-packages/datapack/mock_lidar.py to mock_lidar.cpython-310.pyc
[0.506s] byte-compiling /home/zero/ros2data/install/datapack/lib/python3.10/site-packages/datapack/generate_mock_dataset.py to generate_mock_dataset.cpython-310.pyc
[0.507s] running install_data
[0.507s] running install_egg_info
[0.508s] removing '/home/zero/ros2data/install/datapack/lib/python3.10/site-packages/datapack-0.0.0-py3.10.egg-info' (and everything under it)
[0.508s] Copying ../../build/datapack/datapack.egg-info to /home/zero/ros2data/install/datapack/lib/python3.10/site-packages/datapack-0.0.0-py3.10.egg-info
[0.508s] running install_scripts
[0.521s] Installing mock_lidar script to /home/zero/ros2data/install/datapack/lib/datapack
[0.521s] writing list of installed files to '/home/zero/ros2data/build/datapack/install.log'
[0.537s] Invoked command in '/home/zero/ros2data/src/datapack' returned '0': PYTHONPATH=/home/zero/ros2data/build/datapack/prefix_override:/usr/lib/python3/dist-packages/colcon_core/task/python/colcon_distutils_commands:/home/zero/ros2data/install/datapack/lib/python3.10/site-packages:${PYTHONPATH} /usr/bin/python3 -W ignore:setup.py install is deprecated -W ignore:easy_install command is deprecated setup.py egg_info --egg-base ../../build/datapack build --build-base /home/zero/ros2data/build/datapack/build install --record /home/zero/ros2data/build/datapack/install.log --single-version-externally-managed install_data
