running egg_info
writing ../../build/datapack/datapack.egg-info/PKG-INFO
writing dependency_links to ../../build/datapack/datapack.egg-info/dependency_links.txt
writing entry points to ../../build/datapack/datapack.egg-info/entry_points.txt
writing requirements to ../../build/datapack/datapack.egg-info/requires.txt
writing top-level names to ../../build/datapack/datapack.egg-info/top_level.txt
reading manifest file '../../build/datapack/datapack.egg-info/SOURCES.txt'
writing manifest file '../../build/datapack/datapack.egg-info/SOURCES.txt'
running build
running build_py
running install
running install_lib
running install_data
running install_egg_info
removing '/home/zero/ros2data/install/datapack/lib/python3.10/site-packages/datapack-0.0.0-py3.10.egg-info' (and everything under it)
Copying ../../build/datapack/datapack.egg-info to /home/zero/ros2data/install/datapack/lib/python3.10/site-packages/datapack-0.0.0-py3.10.egg-info
running install_scripts
Installing generate_mock_dataset script to /home/zero/ros2data/install/datapack/lib/datapack
Installing mock_lidar script to /home/zero/ros2data/install/datapack/lib/datapack
writing list of installed files to '/home/zero/ros2data/build/datapack/install.log'
