[0.445s] Invoking command in '/home/zero/ros2data/src/datapack': PYTHONPATH=/home/zero/ros2data/build/datapack/prefix_override:/usr/lib/python3/dist-packages/colcon_core/task/python/colcon_distutils_commands:/home/zero/ros2data/install/datapack/lib/python3.10/site-packages:${PYTHONPATH} /usr/bin/python3 -W ignore:setup.py install is deprecated -W ignore:easy_install command is deprecated setup.py egg_info --egg-base ../../build/datapack build --build-base /home/zero/ros2data/build/datapack/build install --record /home/zero/ros2data/build/datapack/install.log --single-version-externally-managed install_data
[0.581s] running egg_info
[0.581s] writing ../../build/datapack/datapack.egg-info/PKG-INFO
[0.582s] writing dependency_links to ../../build/datapack/datapack.egg-info/dependency_links.txt
[0.582s] writing entry points to ../../build/datapack/datapack.egg-info/entry_points.txt
[0.582s] writing requirements to ../../build/datapack/datapack.egg-info/requires.txt
[0.582s] writing top-level names to ../../build/datapack/datapack.egg-info/top_level.txt
[0.583s] reading manifest file '../../build/datapack/datapack.egg-info/SOURCES.txt'
[0.584s] writing manifest file '../../build/datapack/datapack.egg-info/SOURCES.txt'
[0.584s] running build
[0.584s] running build_py
[0.584s] running install
[0.584s] running install_lib
[0.585s] running install_data
[0.585s] running install_egg_info
[0.586s] removing '/home/zero/ros2data/install/datapack/lib/python3.10/site-packages/datapack-0.0.0-py3.10.egg-info' (and everything under it)
[0.587s] Copying ../../build/datapack/datapack.egg-info to /home/zero/ros2data/install/datapack/lib/python3.10/site-packages/datapack-0.0.0-py3.10.egg-info
[0.588s] running install_scripts
[0.599s] Installing generate_mock_dataset script to /home/zero/ros2data/install/datapack/lib/datapack
[0.600s] Installing mock_lidar script to /home/zero/ros2data/install/datapack/lib/datapack
[0.600s] writing list of installed files to '/home/zero/ros2data/build/datapack/install.log'
[0.615s] Invoked command in '/home/zero/ros2data/src/datapack' returned '0': PYTHONPATH=/home/zero/ros2data/build/datapack/prefix_override:/usr/lib/python3/dist-packages/colcon_core/task/python/colcon_distutils_commands:/home/zero/ros2data/install/datapack/lib/python3.10/site-packages:${PYTHONPATH} /usr/bin/python3 -W ignore:setup.py install is deprecated -W ignore:easy_install command is deprecated setup.py egg_info --egg-base ../../build/datapack build --build-base /home/zero/ros2data/build/datapack/build install --record /home/zero/ros2data/build/datapack/install.log --single-version-externally-managed install_data
