running egg_info
creating ../../build/datapack/datapack.egg-info
writing ../../build/datapack/datapack.egg-info/PKG-INFO
writing dependency_links to ../../build/datapack/datapack.egg-info/dependency_links.txt
writing entry points to ../../build/datapack/datapack.egg-info/entry_points.txt
writing requirements to ../../build/datapack/datapack.egg-info/requires.txt
writing top-level names to ../../build/datapack/datapack.egg-info/top_level.txt
writing manifest file '../../build/datapack/datapack.egg-info/SOURCES.txt'
reading manifest file '../../build/datapack/datapack.egg-info/SOURCES.txt'
writing manifest file '../../build/datapack/datapack.egg-info/SOURCES.txt'
running build
running build_py
creating /home/zero/ros2data/build/datapack/build
creating /home/zero/ros2data/build/datapack/build/lib
creating /home/zero/ros2data/build/datapack/build/lib/datapack
copying datapack/__init__.py -> /home/zero/ros2data/build/datapack/build/lib/datapack
running install
running install_lib
creating /home/zero/ros2data/install/datapack/lib/python3.10/site-packages/datapack
copying /home/zero/ros2data/build/datapack/build/lib/datapack/__init__.py -> /home/zero/ros2data/install/datapack/lib/python3.10/site-packages/datapack
byte-compiling /home/zero/ros2data/install/datapack/lib/python3.10/site-packages/datapack/__init__.py to __init__.cpython-310.pyc
running install_data
creating /home/zero/ros2data/install/datapack/share/ament_index
creating /home/zero/ros2data/install/datapack/share/ament_index/resource_index
creating /home/zero/ros2data/install/datapack/share/ament_index/resource_index/packages
copying resource/datapack -> /home/zero/ros2data/install/datapack/share/ament_index/resource_index/packages
copying package.xml -> /home/zero/ros2data/install/datapack/share/datapack
running install_egg_info
Copying ../../build/datapack/datapack.egg-info to /home/zero/ros2data/install/datapack/lib/python3.10/site-packages/datapack-0.0.0-py3.10.egg-info
running install_scripts
writing list of installed files to '/home/zero/ros2data/build/datapack/install.log'
