[0.166s] DEBUG:colcon:Command line arguments: ['/usr/bin/colcon', 'build']
[0.166s] DEBUG:colcon:Parsed command line arguments: Namespace(log_base=None, log_level=None, verb_name='build', build_base='build', install_base='install', merge_install=False, symlink_install=False, test_result_base=None, continue_on_error=False, executor='parallel', parallel_workers=20, event_handlers=None, ignore_user_meta=False, metas=['./colcon.meta'], base_paths=['.'], packages_ignore=None, packages_ignore_regex=None, paths=None, packages_up_to=None, packages_up_to_regex=None, packages_above=None, packages_above_and_dependencies=None, packages_above_depth=None, packages_select_by_dep=None, packages_skip_by_dep=None, packages_skip_up_to=None, packages_select_build_failed=False, packages_skip_build_finished=False, packages_select_test_failures=False, packages_skip_test_passed=False, packages_select=None, packages_skip=None, packages_select_regex=None, packages_skip_regex=None, packages_start=None, packages_end=None, allow_overriding=[], cmake_args=None, cmake_target=None, cmake_target_skip_unavailable=False, cmake_clean_cache=False, cmake_clean_first=False, cmake_force_configure=False, ament_cmake_args=None, catkin_cmake_args=None, catkin_skip_building_tests=False, mixin_files=None, mixin=None, verb_parser=<colcon_mixin.mixin.mixin_argument.MixinArgumentDecorator object at 0x70ba4151fdc0>, verb_extension=<colcon_core.verb.build.BuildVerb object at 0x70ba416992d0>, main=<bound method BuildVerb.main of <colcon_core.verb.build.BuildVerb object at 0x70ba416992d0>>, mixin_verb=('build',))
[0.396s] Level 1:colcon.colcon_core.package_discovery:discover_packages(colcon_meta) check parameters
[0.396s] Level 1:colcon.colcon_core.package_discovery:discover_packages(recursive) check parameters
[0.396s] Level 1:colcon.colcon_core.package_discovery:discover_packages(ignore) check parameters
[0.396s] Level 1:colcon.colcon_core.package_discovery:discover_packages(path) check parameters
[0.396s] Level 1:colcon.colcon_core.package_discovery:discover_packages(colcon_meta) discover
[0.396s] Level 1:colcon.colcon_core.package_discovery:discover_packages(recursive) discover
[0.396s] INFO:colcon.colcon_core.package_discovery:Crawling recursively for packages in '/home/zero/ros2data'
[0.396s] Level 1:colcon.colcon_core.package_identification:_identify(.) by extensions ['ignore', 'ignore_ament_install']
[0.397s] Level 1:colcon.colcon_core.package_identification:_identify(.) by extension 'ignore'
[0.397s] Level 1:colcon.colcon_core.package_identification:_identify(.) by extension 'ignore_ament_install'
[0.397s] Level 1:colcon.colcon_core.package_identification:_identify(.) by extensions ['colcon_pkg']
[0.397s] Level 1:colcon.colcon_core.package_identification:_identify(.) by extension 'colcon_pkg'
[0.397s] Level 1:colcon.colcon_core.package_identification:_identify(.) by extensions ['colcon_meta']
[0.397s] Level 1:colcon.colcon_core.package_identification:_identify(.) by extension 'colcon_meta'
[0.397s] Level 1:colcon.colcon_core.package_identification:_identify(.) by extensions ['ros']
[0.397s] Level 1:colcon.colcon_core.package_identification:_identify(.) by extension 'ros'
[0.421s] Level 1:colcon.colcon_core.package_identification:_identify(.) by extensions ['cmake', 'python']
[0.421s] Level 1:colcon.colcon_core.package_identification:_identify(.) by extension 'cmake'
[0.421s] Level 1:colcon.colcon_core.package_identification:_identify(.) by extension 'python'
[0.421s] Level 1:colcon.colcon_core.package_identification:_identify(.) by extensions ['python_setup_py']
[0.421s] Level 1:colcon.colcon_core.package_identification:_identify(.) by extension 'python_setup_py'
[0.422s] Level 1:colcon.colcon_core.package_identification:_identify(build) by extensions ['ignore', 'ignore_ament_install']
[0.422s] Level 1:colcon.colcon_core.package_identification:_identify(build) by extension 'ignore'
[0.422s] Level 1:colcon.colcon_core.package_identification:_identify(build) ignored
[0.422s] Level 1:colcon.colcon_core.package_identification:_identify(install) by extensions ['ignore', 'ignore_ament_install']
[0.422s] Level 1:colcon.colcon_core.package_identification:_identify(install) by extension 'ignore'
[0.422s] Level 1:colcon.colcon_core.package_identification:_identify(install) ignored
[0.422s] Level 1:colcon.colcon_core.package_identification:_identify(lds02_dataset) by extensions ['ignore', 'ignore_ament_install']
[0.422s] Level 1:colcon.colcon_core.package_identification:_identify(lds02_dataset) by extension 'ignore'
[0.422s] Level 1:colcon.colcon_core.package_identification:_identify(lds02_dataset) by extension 'ignore_ament_install'
[0.422s] Level 1:colcon.colcon_core.package_identification:_identify(lds02_dataset) by extensions ['colcon_pkg']
[0.423s] Level 1:colcon.colcon_core.package_identification:_identify(lds02_dataset) by extension 'colcon_pkg'
[0.423s] Level 1:colcon.colcon_core.package_identification:_identify(lds02_dataset) by extensions ['colcon_meta']
[0.423s] Level 1:colcon.colcon_core.package_identification:_identify(lds02_dataset) by extension 'colcon_meta'
[0.423s] Level 1:colcon.colcon_core.package_identification:_identify(lds02_dataset) by extensions ['ros']
[0.423s] Level 1:colcon.colcon_core.package_identification:_identify(lds02_dataset) by extension 'ros'
[0.423s] Level 1:colcon.colcon_core.package_identification:_identify(lds02_dataset) by extensions ['cmake', 'python']
[0.423s] Level 1:colcon.colcon_core.package_identification:_identify(lds02_dataset) by extension 'cmake'
[0.423s] Level 1:colcon.colcon_core.package_identification:_identify(lds02_dataset) by extension 'python'
[0.423s] Level 1:colcon.colcon_core.package_identification:_identify(lds02_dataset) by extensions ['python_setup_py']
[0.423s] Level 1:colcon.colcon_core.package_identification:_identify(lds02_dataset) by extension 'python_setup_py'
[0.423s] Level 1:colcon.colcon_core.package_identification:_identify(log) by extensions ['ignore', 'ignore_ament_install']
[0.423s] Level 1:colcon.colcon_core.package_identification:_identify(log) by extension 'ignore'
[0.423s] Level 1:colcon.colcon_core.package_identification:_identify(log) ignored
[0.423s] Level 1:colcon.colcon_core.package_identification:_identify(src) by extensions ['ignore', 'ignore_ament_install']
[0.423s] Level 1:colcon.colcon_core.package_identification:_identify(src) by extension 'ignore'
[0.423s] Level 1:colcon.colcon_core.package_identification:_identify(src) by extension 'ignore_ament_install'
[0.423s] Level 1:colcon.colcon_core.package_identification:_identify(src) by extensions ['colcon_pkg']
[0.423s] Level 1:colcon.colcon_core.package_identification:_identify(src) by extension 'colcon_pkg'
[0.423s] Level 1:colcon.colcon_core.package_identification:_identify(src) by extensions ['colcon_meta']
[0.423s] Level 1:colcon.colcon_core.package_identification:_identify(src) by extension 'colcon_meta'
[0.423s] Level 1:colcon.colcon_core.package_identification:_identify(src) by extensions ['ros']
[0.423s] Level 1:colcon.colcon_core.package_identification:_identify(src) by extension 'ros'
[0.423s] Level 1:colcon.colcon_core.package_identification:_identify(src) by extensions ['cmake', 'python']
[0.423s] Level 1:colcon.colcon_core.package_identification:_identify(src) by extension 'cmake'
[0.423s] Level 1:colcon.colcon_core.package_identification:_identify(src) by extension 'python'
[0.423s] Level 1:colcon.colcon_core.package_identification:_identify(src) by extensions ['python_setup_py']
[0.423s] Level 1:colcon.colcon_core.package_identification:_identify(src) by extension 'python_setup_py'
[0.424s] Level 1:colcon.colcon_core.package_identification:_identify(src/datapack) by extensions ['ignore', 'ignore_ament_install']
[0.424s] Level 1:colcon.colcon_core.package_identification:_identify(src/datapack) by extension 'ignore'
[0.424s] Level 1:colcon.colcon_core.package_identification:_identify(src/datapack) by extension 'ignore_ament_install'
[0.424s] Level 1:colcon.colcon_core.package_identification:_identify(src/datapack) by extensions ['colcon_pkg']
[0.424s] Level 1:colcon.colcon_core.package_identification:_identify(src/datapack) by extension 'colcon_pkg'
[0.424s] Level 1:colcon.colcon_core.package_identification:_identify(src/datapack) by extensions ['colcon_meta']
[0.424s] Level 1:colcon.colcon_core.package_identification:_identify(src/datapack) by extension 'colcon_meta'
[0.424s] Level 1:colcon.colcon_core.package_identification:_identify(src/datapack) by extensions ['ros']
[0.424s] Level 1:colcon.colcon_core.package_identification:_identify(src/datapack) by extension 'ros'
[0.426s] DEBUG:colcon.colcon_core.package_identification:Package 'src/datapack' with type 'ros.ament_python' and name 'datapack'
[0.426s] Level 1:colcon.colcon_core.package_identification:_identify(src/my_interface) by extensions ['ignore', 'ignore_ament_install']
[0.426s] Level 1:colcon.colcon_core.package_identification:_identify(src/my_interface) by extension 'ignore'
[0.426s] Level 1:colcon.colcon_core.package_identification:_identify(src/my_interface) by extension 'ignore_ament_install'
[0.426s] Level 1:colcon.colcon_core.package_identification:_identify(src/my_interface) by extensions ['colcon_pkg']
[0.426s] Level 1:colcon.colcon_core.package_identification:_identify(src/my_interface) by extension 'colcon_pkg'
[0.426s] Level 1:colcon.colcon_core.package_identification:_identify(src/my_interface) by extensions ['colcon_meta']
[0.426s] Level 1:colcon.colcon_core.package_identification:_identify(src/my_interface) by extension 'colcon_meta'
[0.426s] Level 1:colcon.colcon_core.package_identification:_identify(src/my_interface) by extensions ['ros']
[0.426s] Level 1:colcon.colcon_core.package_identification:_identify(src/my_interface) by extension 'ros'
[0.427s] DEBUG:colcon.colcon_core.package_identification:Package 'src/my_interface' with type 'ros.ament_cmake' and name 'my_interface'
[0.427s] Level 1:colcon.colcon_core.package_discovery:discover_packages(recursive) using defaults
[0.427s] Level 1:colcon.colcon_core.package_discovery:discover_packages(ignore) discover
[0.427s] Level 1:colcon.colcon_core.package_discovery:discover_packages(ignore) using defaults
[0.427s] Level 1:colcon.colcon_core.package_discovery:discover_packages(path) discover
[0.427s] Level 1:colcon.colcon_core.package_discovery:discover_packages(path) using defaults
[0.445s] Level 1:colcon.colcon_core.package_discovery:discover_packages(prefix_path) check parameters
[0.445s] Level 1:colcon.colcon_core.package_discovery:discover_packages(prefix_path) discover
[0.447s] DEBUG:colcon.colcon_installed_package_information.package_discovery:Found 2 installed packages in /home/zero/ros2data/install
[0.449s] DEBUG:colcon.colcon_installed_package_information.package_discovery:Found 328 installed packages in /opt/ros/humble
[0.449s] Level 1:colcon.colcon_core.package_discovery:discover_packages(prefix_path) using defaults
[0.507s] Level 5:colcon.colcon_core.verb:set package 'datapack' build argument 'cmake_args' from command line to 'None'
[0.507s] Level 5:colcon.colcon_core.verb:set package 'datapack' build argument 'cmake_target' from command line to 'None'
[0.507s] Level 5:colcon.colcon_core.verb:set package 'datapack' build argument 'cmake_target_skip_unavailable' from command line to 'False'
[0.507s] Level 5:colcon.colcon_core.verb:set package 'datapack' build argument 'cmake_clean_cache' from command line to 'False'
[0.507s] Level 5:colcon.colcon_core.verb:set package 'datapack' build argument 'cmake_clean_first' from command line to 'False'
[0.507s] Level 5:colcon.colcon_core.verb:set package 'datapack' build argument 'cmake_force_configure' from command line to 'False'
[0.507s] Level 5:colcon.colcon_core.verb:set package 'datapack' build argument 'ament_cmake_args' from command line to 'None'
[0.507s] Level 5:colcon.colcon_core.verb:set package 'datapack' build argument 'catkin_cmake_args' from command line to 'None'
[0.507s] Level 5:colcon.colcon_core.verb:set package 'datapack' build argument 'catkin_skip_building_tests' from command line to 'False'
[0.507s] DEBUG:colcon.colcon_core.verb:Building package 'datapack' with the following arguments: {'ament_cmake_args': None, 'build_base': '/home/zero/ros2data/build/datapack', 'catkin_cmake_args': None, 'catkin_skip_building_tests': False, 'cmake_args': None, 'cmake_clean_cache': False, 'cmake_clean_first': False, 'cmake_force_configure': False, 'cmake_target': None, 'cmake_target_skip_unavailable': False, 'install_base': '/home/zero/ros2data/install/datapack', 'merge_install': False, 'path': '/home/zero/ros2data/src/datapack', 'symlink_install': False, 'test_result_base': None}
[0.507s] Level 5:colcon.colcon_core.verb:set package 'my_interface' build argument 'cmake_args' from command line to 'None'
[0.507s] Level 5:colcon.colcon_core.verb:set package 'my_interface' build argument 'cmake_target' from command line to 'None'
[0.507s] Level 5:colcon.colcon_core.verb:set package 'my_interface' build argument 'cmake_target_skip_unavailable' from command line to 'False'
[0.507s] Level 5:colcon.colcon_core.verb:set package 'my_interface' build argument 'cmake_clean_cache' from command line to 'False'
[0.507s] Level 5:colcon.colcon_core.verb:set package 'my_interface' build argument 'cmake_clean_first' from command line to 'False'
[0.507s] Level 5:colcon.colcon_core.verb:set package 'my_interface' build argument 'cmake_force_configure' from command line to 'False'
[0.507s] Level 5:colcon.colcon_core.verb:set package 'my_interface' build argument 'ament_cmake_args' from command line to 'None'
[0.507s] Level 5:colcon.colcon_core.verb:set package 'my_interface' build argument 'catkin_cmake_args' from command line to 'None'
[0.507s] Level 5:colcon.colcon_core.verb:set package 'my_interface' build argument 'catkin_skip_building_tests' from command line to 'False'
[0.507s] DEBUG:colcon.colcon_core.verb:Building package 'my_interface' with the following arguments: {'ament_cmake_args': None, 'build_base': '/home/zero/ros2data/build/my_interface', 'catkin_cmake_args': None, 'catkin_skip_building_tests': False, 'cmake_args': None, 'cmake_clean_cache': False, 'cmake_clean_first': False, 'cmake_force_configure': False, 'cmake_target': None, 'cmake_target_skip_unavailable': False, 'install_base': '/home/zero/ros2data/install/my_interface', 'merge_install': False, 'path': '/home/zero/ros2data/src/my_interface', 'symlink_install': False, 'test_result_base': None}
[0.507s] INFO:colcon.colcon_core.executor:Executing jobs using 'parallel' executor
[0.508s] DEBUG:colcon.colcon_parallel_executor.executor.parallel:run_until_complete
[0.508s] INFO:colcon.colcon_ros.task.ament_python.build:Building ROS package in '/home/zero/ros2data/src/datapack' with build type 'ament_python'
[0.508s] Level 1:colcon.colcon_core.shell:create_environment_hook('datapack', 'ament_prefix_path')
[0.512s] INFO:colcon.colcon_core.plugin_system:Skipping extension 'colcon_core.shell.bat': Not used on non-Windows systems
[0.512s] INFO:colcon.colcon_core.shell:Creating environment hook '/home/zero/ros2data/install/datapack/share/datapack/hook/ament_prefix_path.ps1'
[0.513s] INFO:colcon.colcon_core.shell:Creating environment descriptor '/home/zero/ros2data/install/datapack/share/datapack/hook/ament_prefix_path.dsv'
[0.513s] INFO:colcon.colcon_core.shell:Creating environment hook '/home/zero/ros2data/install/datapack/share/datapack/hook/ament_prefix_path.sh'
[0.514s] INFO:colcon.colcon_core.shell:Skip shell extension 'powershell' for command environment: Not usable outside of PowerShell
[0.514s] DEBUG:colcon.colcon_core.shell:Skip shell extension 'dsv' for command environment
[0.516s] INFO:colcon.colcon_ros.task.ament_cmake.build:Building ROS package in '/home/zero/ros2data/src/my_interface' with build type 'ament_cmake'
[0.516s] INFO:colcon.colcon_cmake.task.cmake.build:Building CMake package in '/home/zero/ros2data/src/my_interface'
[0.516s] INFO:colcon.colcon_core.shell:Skip shell extension 'powershell' for command environment: Not usable outside of PowerShell
[0.516s] DEBUG:colcon.colcon_core.shell:Skip shell extension 'dsv' for command environment
[0.679s] INFO:colcon.colcon_core.task.python.build:Building Python package in '/home/zero/ros2data/src/datapack'
[0.679s] INFO:colcon.colcon_core.shell:Skip shell extension 'powershell' for command environment: Not usable outside of PowerShell
[0.679s] DEBUG:colcon.colcon_core.shell:Skip shell extension 'dsv' for command environment
[0.684s] DEBUG:colcon.colcon_core.event_handler.log_command:Invoking command in '/home/zero/ros2data/build/my_interface': CMAKE_PREFIX_PATH=${CMAKE_PREFIX_PATH}:/home/zero/ros2data/install/datapack:/opt/ros/humble /usr/bin/cmake --build /home/zero/ros2data/build/my_interface -- -j20 -l20
[0.735s] DEBUG:colcon.colcon_core.event_handler.log_command:Invoked command in '/home/zero/ros2data/build/my_interface' returned '0': CMAKE_PREFIX_PATH=${CMAKE_PREFIX_PATH}:/home/zero/ros2data/install/datapack:/opt/ros/humble /usr/bin/cmake --build /home/zero/ros2data/build/my_interface -- -j20 -l20
[0.742s] DEBUG:colcon.colcon_core.event_handler.log_command:Invoking command in '/home/zero/ros2data/build/my_interface': CMAKE_PREFIX_PATH=${CMAKE_PREFIX_PATH}:/home/zero/ros2data/install/datapack:/opt/ros/humble /usr/bin/cmake --install /home/zero/ros2data/build/my_interface
[0.749s] Level 1:colcon.colcon_core.environment:create_environment_scripts_only(my_interface)
[0.749s] DEBUG:colcon.colcon_core.event_handler.log_command:Invoked command in '/home/zero/ros2data/build/my_interface' returned '0': CMAKE_PREFIX_PATH=${CMAKE_PREFIX_PATH}:/home/zero/ros2data/install/datapack:/opt/ros/humble /usr/bin/cmake --install /home/zero/ros2data/build/my_interface
[0.753s] Level 1:colcon.colcon_core.environment:checking '/home/zero/ros2data/install/my_interface' for CMake module files
[0.753s] Level 1:colcon.colcon_core.environment:checking '/home/zero/ros2data/install/my_interface' for CMake config files
[0.755s] Level 1:colcon.colcon_core.shell:create_environment_hook('my_interface', 'cmake_prefix_path')
[0.755s] INFO:colcon.colcon_core.shell:Creating environment hook '/home/zero/ros2data/install/my_interface/share/my_interface/hook/cmake_prefix_path.ps1'
[0.755s] INFO:colcon.colcon_core.shell:Creating environment descriptor '/home/zero/ros2data/install/my_interface/share/my_interface/hook/cmake_prefix_path.dsv'
[0.756s] INFO:colcon.colcon_core.shell:Creating environment hook '/home/zero/ros2data/install/my_interface/share/my_interface/hook/cmake_prefix_path.sh'
[0.756s] Level 1:colcon.colcon_core.environment:checking '/home/zero/ros2data/install/my_interface/bin'
[0.756s] Level 1:colcon.colcon_core.environment:checking '/home/zero/ros2data/install/my_interface/lib/pkgconfig/my_interface.pc'
[0.756s] Level 1:colcon.colcon_core.environment:checking '/home/zero/ros2data/install/my_interface/lib/python3.10/site-packages'
[0.756s] Level 1:colcon.colcon_core.environment:checking '/home/zero/ros2data/install/my_interface/bin'
[0.757s] INFO:colcon.colcon_core.shell:Creating package script '/home/zero/ros2data/install/my_interface/share/my_interface/package.ps1'
[0.757s] INFO:colcon.colcon_core.shell:Creating package descriptor '/home/zero/ros2data/install/my_interface/share/my_interface/package.dsv'
[0.758s] INFO:colcon.colcon_core.shell:Creating package script '/home/zero/ros2data/install/my_interface/share/my_interface/package.sh'
[0.758s] INFO:colcon.colcon_core.shell:Creating package script '/home/zero/ros2data/install/my_interface/share/my_interface/package.bash'
[0.759s] INFO:colcon.colcon_core.shell:Creating package script '/home/zero/ros2data/install/my_interface/share/my_interface/package.zsh'
[0.759s] Level 1:colcon.colcon_core.environment:create_file_with_runtime_dependencies(/home/zero/ros2data/install/my_interface/share/colcon-core/packages/my_interface)
[0.760s] Level 1:colcon.colcon_core.environment:create_environment_scripts_only(my_interface)
[0.760s] Level 1:colcon.colcon_core.environment:checking '/home/zero/ros2data/install/my_interface' for CMake module files
[0.760s] Level 1:colcon.colcon_core.environment:checking '/home/zero/ros2data/install/my_interface' for CMake config files
[0.760s] Level 1:colcon.colcon_core.shell:create_environment_hook('my_interface', 'cmake_prefix_path')
[0.760s] INFO:colcon.colcon_core.shell:Creating environment hook '/home/zero/ros2data/install/my_interface/share/my_interface/hook/cmake_prefix_path.ps1'
[0.761s] INFO:colcon.colcon_core.shell:Creating environment descriptor '/home/zero/ros2data/install/my_interface/share/my_interface/hook/cmake_prefix_path.dsv'
[0.761s] INFO:colcon.colcon_core.shell:Creating environment hook '/home/zero/ros2data/install/my_interface/share/my_interface/hook/cmake_prefix_path.sh'
[0.761s] Level 1:colcon.colcon_core.environment:checking '/home/zero/ros2data/install/my_interface/bin'
[0.761s] Level 1:colcon.colcon_core.environment:checking '/home/zero/ros2data/install/my_interface/lib/pkgconfig/my_interface.pc'
[0.762s] Level 1:colcon.colcon_core.environment:checking '/home/zero/ros2data/install/my_interface/lib/python3.10/site-packages'
[0.762s] Level 1:colcon.colcon_core.environment:checking '/home/zero/ros2data/install/my_interface/bin'
[0.762s] INFO:colcon.colcon_core.shell:Creating package script '/home/zero/ros2data/install/my_interface/share/my_interface/package.ps1'
[0.762s] INFO:colcon.colcon_core.shell:Creating package descriptor '/home/zero/ros2data/install/my_interface/share/my_interface/package.dsv'
[0.763s] INFO:colcon.colcon_core.shell:Creating package script '/home/zero/ros2data/install/my_interface/share/my_interface/package.sh'
[0.763s] INFO:colcon.colcon_core.shell:Creating package script '/home/zero/ros2data/install/my_interface/share/my_interface/package.bash'
[0.763s] INFO:colcon.colcon_core.shell:Creating package script '/home/zero/ros2data/install/my_interface/share/my_interface/package.zsh'
[0.763s] Level 1:colcon.colcon_core.environment:create_file_with_runtime_dependencies(/home/zero/ros2data/install/my_interface/share/colcon-core/packages/my_interface)
[0.934s] DEBUG:colcon.colcon_core.event_handler.log_command:Invoking command in '/home/zero/ros2data/src/datapack': PYTHONPATH=/home/zero/ros2data/build/datapack/prefix_override:/usr/lib/python3/dist-packages/colcon_core/task/python/colcon_distutils_commands:/home/zero/ros2data/install/datapack/lib/python3.10/site-packages:${PYTHONPATH} /usr/bin/python3 -W ignore:setup.py install is deprecated -W ignore:easy_install command is deprecated setup.py egg_info --egg-base ../../build/datapack build --build-base /home/zero/ros2data/build/datapack/build install --record /home/zero/ros2data/build/datapack/install.log --single-version-externally-managed install_data
[1.104s] Level 1:colcon.colcon_core.environment:checking '/home/zero/ros2data/install/datapack' for CMake module files
[1.104s] DEBUG:colcon.colcon_core.event_handler.log_command:Invoked command in '/home/zero/ros2data/src/datapack' returned '0': PYTHONPATH=/home/zero/ros2data/build/datapack/prefix_override:/usr/lib/python3/dist-packages/colcon_core/task/python/colcon_distutils_commands:/home/zero/ros2data/install/datapack/lib/python3.10/site-packages:${PYTHONPATH} /usr/bin/python3 -W ignore:setup.py install is deprecated -W ignore:easy_install command is deprecated setup.py egg_info --egg-base ../../build/datapack build --build-base /home/zero/ros2data/build/datapack/build install --record /home/zero/ros2data/build/datapack/install.log --single-version-externally-managed install_data
[1.105s] Level 1:colcon.colcon_core.environment:checking '/home/zero/ros2data/install/datapack' for CMake config files
[1.106s] Level 1:colcon.colcon_core.environment:checking '/home/zero/ros2data/install/datapack/lib'
[1.106s] Level 1:colcon.colcon_core.environment:checking '/home/zero/ros2data/install/datapack/bin'
[1.106s] Level 1:colcon.colcon_core.environment:checking '/home/zero/ros2data/install/datapack/lib/pkgconfig/datapack.pc'
[1.107s] Level 1:colcon.colcon_core.environment:checking '/home/zero/ros2data/install/datapack/lib/python3.10/site-packages'
[1.107s] Level 1:colcon.colcon_core.shell:create_environment_hook('datapack', 'pythonpath')
[1.107s] INFO:colcon.colcon_core.shell:Creating environment hook '/home/zero/ros2data/install/datapack/share/datapack/hook/pythonpath.ps1'
[1.107s] INFO:colcon.colcon_core.shell:Creating environment descriptor '/home/zero/ros2data/install/datapack/share/datapack/hook/pythonpath.dsv'
[1.107s] INFO:colcon.colcon_core.shell:Creating environment hook '/home/zero/ros2data/install/datapack/share/datapack/hook/pythonpath.sh'
[1.108s] Level 1:colcon.colcon_core.environment:checking '/home/zero/ros2data/install/datapack/bin'
[1.108s] Level 1:colcon.colcon_core.environment:create_environment_scripts_only(datapack)
[1.108s] INFO:colcon.colcon_core.shell:Creating package script '/home/zero/ros2data/install/datapack/share/datapack/package.ps1'
[1.108s] INFO:colcon.colcon_core.shell:Creating package descriptor '/home/zero/ros2data/install/datapack/share/datapack/package.dsv'
[1.109s] INFO:colcon.colcon_core.shell:Creating package script '/home/zero/ros2data/install/datapack/share/datapack/package.sh'
[1.109s] INFO:colcon.colcon_core.shell:Creating package script '/home/zero/ros2data/install/datapack/share/datapack/package.bash'
[1.109s] INFO:colcon.colcon_core.shell:Creating package script '/home/zero/ros2data/install/datapack/share/datapack/package.zsh'
[1.110s] Level 1:colcon.colcon_core.environment:create_file_with_runtime_dependencies(/home/zero/ros2data/install/datapack/share/colcon-core/packages/datapack)
[1.110s] DEBUG:colcon.colcon_parallel_executor.executor.parallel:closing loop
[1.110s] DEBUG:colcon.colcon_parallel_executor.executor.parallel:loop closed
[1.111s] DEBUG:colcon.colcon_parallel_executor.executor.parallel:run_until_complete finished with '0'
[1.111s] DEBUG:colcon.colcon_core.event_reactor:joining thread
[1.129s] INFO:colcon.colcon_core.plugin_system:Skipping extension 'colcon_notification.desktop_notification.notify_send': Could not find 'notify-send'
[1.129s] INFO:colcon.colcon_core.plugin_system:Skipping extension 'colcon_notification.desktop_notification.terminal_notifier': Not used on non-Darwin systems
[1.129s] INFO:colcon.colcon_core.plugin_system:Skipping extension 'colcon_notification.desktop_notification.win32': Not used on non-Windows systems
[1.129s] INFO:colcon.colcon_notification.desktop_notification:Sending desktop notification using 'notify2'
[1.129s] DEBUG:colcon.colcon_notification.desktop_notification.notify2:Failed to initialize notify2: org.freedesktop.DBus.Error.FileNotFound: Failed to connect to socket /run/user/1000/bus: No such file or directory
[1.129s] DEBUG:colcon.colcon_core.event_reactor:joined thread
[1.130s] INFO:colcon.colcon_core.shell:Creating prefix script '/home/zero/ros2data/install/local_setup.ps1'
[1.130s] INFO:colcon.colcon_core.shell:Creating prefix util module '/home/zero/ros2data/install/_local_setup_util_ps1.py'
[1.131s] INFO:colcon.colcon_core.shell:Creating prefix chain script '/home/zero/ros2data/install/setup.ps1'
[1.132s] INFO:colcon.colcon_core.shell:Creating prefix script '/home/zero/ros2data/install/local_setup.sh'
[1.132s] INFO:colcon.colcon_core.shell:Creating prefix util module '/home/zero/ros2data/install/_local_setup_util_sh.py'
[1.133s] INFO:colcon.colcon_core.shell:Creating prefix chain script '/home/zero/ros2data/install/setup.sh'
[1.134s] INFO:colcon.colcon_core.shell:Creating prefix script '/home/zero/ros2data/install/local_setup.bash'
[1.134s] INFO:colcon.colcon_core.shell:Creating prefix chain script '/home/zero/ros2data/install/setup.bash'
[1.135s] INFO:colcon.colcon_core.shell:Creating prefix script '/home/zero/ros2data/install/local_setup.zsh'
[1.135s] INFO:colcon.colcon_core.shell:Creating prefix chain script '/home/zero/ros2data/install/setup.zsh'
