[0.430s] Invoking command in '/home/zero/ros2data/src/datapack': PYTHONPATH=/home/zero/ros2data/build/datapack/prefix_override:/usr/lib/python3/dist-packages/colcon_core/task/python/colcon_distutils_commands:/home/zero/ros2data/install/datapack/lib/python3.10/site-packages:${PYTHONPATH} /usr/bin/python3 -W ignore:setup.py install is deprecated -W ignore:easy_install command is deprecated setup.py egg_info --egg-base ../../build/datapack build --build-base /home/zero/ros2data/build/datapack/build install --record /home/zero/ros2data/build/datapack/install.log --single-version-externally-managed install_data
[0.571s] running egg_info
[0.571s] writing ../../build/datapack/datapack.egg-info/PKG-INFO
[0.572s] writing dependency_links to ../../build/datapack/datapack.egg-info/dependency_links.txt
[0.572s] writing entry points to ../../build/datapack/datapack.egg-info/entry_points.txt
[0.572s] writing requirements to ../../build/datapack/datapack.egg-info/requires.txt
[0.572s] writing top-level names to ../../build/datapack/datapack.egg-info/top_level.txt
[0.573s] reading manifest file '../../build/datapack/datapack.egg-info/SOURCES.txt'
[0.573s] writing manifest file '../../build/datapack/datapack.egg-info/SOURCES.txt'
[0.573s] running build
[0.573s] running build_py
[0.574s] copying datapack/mock_lidar.py -> /home/zero/ros2data/build/datapack/build/lib/datapack
[0.574s] running install
[0.574s] running install_lib
[0.574s] copying /home/zero/ros2data/build/datapack/build/lib/datapack/mock_lidar.py -> /home/zero/ros2data/install/datapack/lib/python3.10/site-packages/datapack
[0.575s] byte-compiling /home/zero/ros2data/install/datapack/lib/python3.10/site-packages/datapack/mock_lidar.py to mock_lidar.cpython-310.pyc
[0.575s] running install_data
[0.575s] running install_egg_info
[0.576s] removing '/home/zero/ros2data/install/datapack/lib/python3.10/site-packages/datapack-0.0.0-py3.10.egg-info' (and everything under it)
[0.577s] Copying ../../build/datapack/datapack.egg-info to /home/zero/ros2data/install/datapack/lib/python3.10/site-packages/datapack-0.0.0-py3.10.egg-info
[0.577s] running install_scripts
[0.590s] writing list of installed files to '/home/zero/ros2data/build/datapack/install.log'
[0.603s] Invoked command in '/home/zero/ros2data/src/datapack' returned '0': PYTHONPATH=/home/zero/ros2data/build/datapack/prefix_override:/usr/lib/python3/dist-packages/colcon_core/task/python/colcon_distutils_commands:/home/zero/ros2data/install/datapack/lib/python3.10/site-packages:${PYTHONPATH} /usr/bin/python3 -W ignore:setup.py install is deprecated -W ignore:easy_install command is deprecated setup.py egg_info --egg-base ../../build/datapack build --build-base /home/zero/ros2data/build/datapack/build install --record /home/zero/ros2data/build/datapack/install.log --single-version-externally-managed install_data
