[0.167s] Invoking command in '/home/zero/ros2data/build/my_interface': CMAKE_PREFIX_PATH=/home/zero/ros2data/install/datapack:/opt/ros/humble /usr/bin/cmake /home/zero/ros2data/src/my_interface -DCMAKE_INSTALL_PREFIX=/home/zero/ros2data/install/my_interface
[0.326s] -- The C compiler identification is GNU 11.4.0
[0.558s] -- The CXX compiler identification is GNU 11.4.0
[0.686s] -- Detecting C compiler ABI info
[0.755s] -- Detecting C compiler ABI info - done
[0.759s] -- Check for working C compiler: /usr/bin/cc - skipped
[0.759s] -- Detecting C compile features
[0.760s] -- Detecting C compile features - done
[0.762s] -- Detecting CXX compiler ABI info
[0.829s] -- Detecting CXX compiler ABI info - done
[0.833s] -- Check for working CXX compiler: /usr/bin/c++ - skipped
[0.834s] -- Detecting CXX compile features
[0.834s] -- Detecting CXX compile features - done
[0.845s] -- Found ament_cmake: 1.3.12 (/opt/ros/humble/share/ament_cmake/cmake)
[0.939s] -- Found Python3: /usr/bin/python3 (found version "3.10.12") found components: Interpreter 
[1.006s] -- Found ament_lint_auto: 0.12.14 (/opt/ros/humble/share/ament_lint_auto/cmake)
[1.073s] -- Added test 'lint_cmake' to check CMake code style
[1.074s] -- Added test 'xmllint' to check XML markup files
[1.076s] -- Configuring done
[1.078s] -- Generating done
[1.079s] -- Build files have been written to: /home/zero/ros2data/build/my_interface
[1.083s] Invoked command in '/home/zero/ros2data/build/my_interface' returned '0': CMAKE_PREFIX_PATH=/home/zero/ros2data/install/datapack:/opt/ros/humble /usr/bin/cmake /home/zero/ros2data/src/my_interface -DCMAKE_INSTALL_PREFIX=/home/zero/ros2data/install/my_interface
[1.084s] Invoking command in '/home/zero/ros2data/build/my_interface': CMAKE_PREFIX_PATH=/home/zero/ros2data/install/datapack:/opt/ros/humble /usr/bin/cmake --build /home/zero/ros2data/build/my_interface -- -j20 -l20
[1.106s] Invoked command in '/home/zero/ros2data/build/my_interface' returned '0': CMAKE_PREFIX_PATH=/home/zero/ros2data/install/datapack:/opt/ros/humble /usr/bin/cmake --build /home/zero/ros2data/build/my_interface -- -j20 -l20
[1.114s] Invoking command in '/home/zero/ros2data/build/my_interface': CMAKE_PREFIX_PATH=/home/zero/ros2data/install/datapack:/opt/ros/humble /usr/bin/cmake --install /home/zero/ros2data/build/my_interface
[1.118s] -- Install configuration: ""
[1.119s] -- Installing: /home/zero/ros2data/install/my_interface/share/ament_index/resource_index/package_run_dependencies/my_interface
[1.120s] -- Installing: /home/zero/ros2data/install/my_interface/share/ament_index/resource_index/parent_prefix_path/my_interface
[1.120s] -- Installing: /home/zero/ros2data/install/my_interface/share/my_interface/environment/ament_prefix_path.sh
[1.120s] -- Installing: /home/zero/ros2data/install/my_interface/share/my_interface/environment/ament_prefix_path.dsv
[1.121s] -- Installing: /home/zero/ros2data/install/my_interface/share/my_interface/environment/path.sh
[1.121s] -- Installing: /home/zero/ros2data/install/my_interface/share/my_interface/environment/path.dsv
[1.121s] -- Installing: /home/zero/ros2data/install/my_interface/share/my_interface/local_setup.bash
[1.121s] -- Installing: /home/zero/ros2data/install/my_interface/share/my_interface/local_setup.sh
[1.121s] -- Installing: /home/zero/ros2data/install/my_interface/share/my_interface/local_setup.zsh
[1.121s] -- Installing: /home/zero/ros2data/install/my_interface/share/my_interface/local_setup.dsv
[1.121s] -- Installing: /home/zero/ros2data/install/my_interface/share/my_interface/package.dsv
[1.122s] -- Installing: /home/zero/ros2data/install/my_interface/share/ament_index/resource_index/packages/my_interface
[1.122s] -- Installing: /home/zero/ros2data/install/my_interface/share/my_interface/cmake/my_interfaceConfig.cmake
[1.122s] -- Installing: /home/zero/ros2data/install/my_interface/share/my_interface/cmake/my_interfaceConfig-version.cmake
[1.122s] -- Installing: /home/zero/ros2data/install/my_interface/share/my_interface/package.xml
[1.124s] Invoked command in '/home/zero/ros2data/build/my_interface' returned '0': CMAKE_PREFIX_PATH=/home/zero/ros2data/install/datapack:/opt/ros/humble /usr/bin/cmake --install /home/zero/ros2data/build/my_interface
